find_header: checking for prism.h in /Users/runner/work/stream-video-swift-webrtc/stream-video-swift-webrtc/vendor/bundle/ruby/3.1.0/gems/prism-1.4.0/include... -------------------- yes

DYLD_FALLBACK_LIBRARY_PATH=.:/Users/runner/hostedtoolcache/Ruby/3.1.7/arm64/lib "clang -o conftest -I/Users/runner/hostedtoolcache/Ruby/3.1.7/arm64/include/ruby-3.1.0/arm64-darwin23 -I/Users/runner/hostedtoolcache/Ruby/3.1.7/arm64/include/ruby-3.1.0/ruby/backward -I/Users/runner/hostedtoolcache/Ruby/3.1.7/arm64/include/ruby-3.1.0 -I. -DENABLE_PATH_CHECK=0 -D_XOPEN_SOURCE -D_DARWIN_C_SOURCE -D_DARWIN_UNLIMITED_SELECT -D_REENTRANT   -fdeclspec -O3 -fno-fast-math -ggdb3 -Wall -Wextra -Wdeprecated-declarations -Wdivision-by-zero -Wimplicit-function-declaration -Wimplicit-int -Wmisleading-indentation -Wpointer-arith -Wshorten-64-to-32 -Wwrite-strings -Wold-style-definition -Wmissing-noreturn -Wno-cast-function-type -Wno-constant-logical-operand -Wno-long-long -Wno-missing-field-initializers -Wno-overlength-strings -Wno-parentheses-equality -Wno-self-assign -Wno-tautological-compare -Wno-unused-parameter -Wno-unused-value -Wunused-variable -Wextra-tokens -Wundef  -pipe conftest.c  -L. -L/Users/runner/hostedtoolcache/Ruby/3.1.7/arm64/lib -L. -fstack-protector-strong -L/opt/homebrew/opt/gmp/lib     -lruby.3.1-static -framework CoreFoundation -lpthread -ldl -lobjc   "
checked program was:
/* begin */
1: #include "ruby.h"
2: 
3: int main(int argc, char **argv)
4: {
5:   return !!argv[argc];
6: }
/* end */

DYLD_FALLBACK_LIBRARY_PATH=.:/Users/runner/hostedtoolcache/Ruby/3.1.7/arm64/lib "clang -I/Users/runner/hostedtoolcache/Ruby/3.1.7/arm64/include/ruby-3.1.0/arm64-darwin23 -I/Users/runner/hostedtoolcache/Ruby/3.1.7/arm64/include/ruby-3.1.0/ruby/backward -I/Users/runner/hostedtoolcache/Ruby/3.1.7/arm64/include/ruby-3.1.0 -I. -DENABLE_PATH_CHECK=0 -D_XOPEN_SOURCE -D_DARWIN_C_SOURCE -D_DARWIN_UNLIMITED_SELECT -D_REENTRANT   -fdeclspec -O3 -fno-fast-math -ggdb3 -Wall -Wextra -Wdeprecated-declarations -Wdivision-by-zero -Wimplicit-function-declaration -Wimplicit-int -Wmisleading-indentation -Wpointer-arith -Wshorten-64-to-32 -Wwrite-strings -Wold-style-definition -Wmissing-noreturn -Wno-cast-function-type -Wno-constant-logical-operand -Wno-long-long -Wno-missing-field-initializers -Wno-overlength-strings -Wno-parentheses-equality -Wno-self-assign -Wno-tautological-compare -Wno-unused-parameter -Wno-unused-value -Wunused-variable -Wextra-tokens -Wundef  -pipe   -c conftest.c"
conftest.c:3:10: fatal error: 'prism.h' file not found
    3 | #include <prism.h>
      |          ^~~~~~~~~
1 error generated.
checked program was:
/* begin */
1: #include "ruby.h"
2: 
3: #include <prism.h>
/* end */

DYLD_FALLBACK_LIBRARY_PATH=.:/Users/runner/hostedtoolcache/Ruby/3.1.7/arm64/lib "clang -I/Users/runner/hostedtoolcache/Ruby/3.1.7/arm64/include/ruby-3.1.0/arm64-darwin23 -I/Users/runner/hostedtoolcache/Ruby/3.1.7/arm64/include/ruby-3.1.0/ruby/backward -I/Users/runner/hostedtoolcache/Ruby/3.1.7/arm64/include/ruby-3.1.0 -I. -DENABLE_PATH_CHECK=0 -D_XOPEN_SOURCE -D_DARWIN_C_SOURCE -D_DARWIN_UNLIMITED_SELECT -D_REENTRANT   -fdeclspec -O3 -fno-fast-math -ggdb3 -Wall -Wextra -Wdeprecated-declarations -Wdivision-by-zero -Wimplicit-function-declaration -Wimplicit-int -Wmisleading-indentation -Wpointer-arith -Wshorten-64-to-32 -Wwrite-strings -Wold-style-definition -Wmissing-noreturn -Wno-cast-function-type -Wno-constant-logical-operand -Wno-long-long -Wno-missing-field-initializers -Wno-overlength-strings -Wno-parentheses-equality -Wno-self-assign -Wno-tautological-compare -Wno-unused-parameter -Wno-unused-value -Wunused-variable -Wextra-tokens -Wundef  -pipe  -I/Users/runner/work/stream-video-swift-webrtc/stream-video-swift-webrtc/vendor/bundle/ruby/3.1.0/gems/prism-1.4.0/include -c conftest.c"
checked program was:
/* begin */
1: #include "ruby.h"
2: 
3: #include <prism.h>
/* end */

--------------------

find_header: checking for prism/extension.h in /Users/runner/work/stream-video-swift-webrtc/stream-video-swift-webrtc/vendor/bundle/ruby/3.1.0/gems/prism-1.4.0/ext... -------------------- yes

DYLD_FALLBACK_LIBRARY_PATH=.:/Users/runner/hostedtoolcache/Ruby/3.1.7/arm64/lib "clang -I/Users/runner/hostedtoolcache/Ruby/3.1.7/arm64/include/ruby-3.1.0/arm64-darwin23 -I/Users/runner/hostedtoolcache/Ruby/3.1.7/arm64/include/ruby-3.1.0/ruby/backward -I/Users/runner/hostedtoolcache/Ruby/3.1.7/arm64/include/ruby-3.1.0 -I. -I/Users/runner/work/stream-video-swift-webrtc/stream-video-swift-webrtc/vendor/bundle/ruby/3.1.0/gems/prism-1.4.0/include -DENABLE_PATH_CHECK=0 -D_XOPEN_SOURCE -D_DARWIN_C_SOURCE -D_DARWIN_UNLIMITED_SELECT -D_REENTRANT   -fdeclspec -O3 -fno-fast-math -ggdb3 -Wall -Wextra -Wdeprecated-declarations -Wdivision-by-zero -Wimplicit-function-declaration -Wimplicit-int -Wmisleading-indentation -Wpointer-arith -Wshorten-64-to-32 -Wwrite-strings -Wold-style-definition -Wmissing-noreturn -Wno-cast-function-type -Wno-constant-logical-operand -Wno-long-long -Wno-missing-field-initializers -Wno-overlength-strings -Wno-parentheses-equality -Wno-self-assign -Wno-tautological-compare -Wno-unused-parameter -Wno-unused-value -Wunused-variable -Wextra-tokens -Wundef  -pipe   -c conftest.c"
conftest.c:3:10: fatal error: 'prism/extension.h' file not found
    3 | #include <prism/extension.h>
      |          ^~~~~~~~~~~~~~~~~~~
1 error generated.
checked program was:
/* begin */
1: #include "ruby.h"
2: 
3: #include <prism/extension.h>
/* end */

DYLD_FALLBACK_LIBRARY_PATH=.:/Users/runner/hostedtoolcache/Ruby/3.1.7/arm64/lib "clang -I/Users/runner/hostedtoolcache/Ruby/3.1.7/arm64/include/ruby-3.1.0/arm64-darwin23 -I/Users/runner/hostedtoolcache/Ruby/3.1.7/arm64/include/ruby-3.1.0/ruby/backward -I/Users/runner/hostedtoolcache/Ruby/3.1.7/arm64/include/ruby-3.1.0 -I. -I/Users/runner/work/stream-video-swift-webrtc/stream-video-swift-webrtc/vendor/bundle/ruby/3.1.0/gems/prism-1.4.0/include -DENABLE_PATH_CHECK=0 -D_XOPEN_SOURCE -D_DARWIN_C_SOURCE -D_DARWIN_UNLIMITED_SELECT -D_REENTRANT   -fdeclspec -O3 -fno-fast-math -ggdb3 -Wall -Wextra -Wdeprecated-declarations -Wdivision-by-zero -Wimplicit-function-declaration -Wimplicit-int -Wmisleading-indentation -Wpointer-arith -Wshorten-64-to-32 -Wwrite-strings -Wold-style-definition -Wmissing-noreturn -Wno-cast-function-type -Wno-constant-logical-operand -Wno-long-long -Wno-missing-field-initializers -Wno-overlength-strings -Wno-parentheses-equality -Wno-self-assign -Wno-tautological-compare -Wno-unused-parameter -Wno-unused-value -Wunused-variable -Wextra-tokens -Wundef  -pipe  -I/Users/runner/work/stream-video-swift-webrtc/stream-video-swift-webrtc/vendor/bundle/ruby/3.1.0/gems/prism-1.4.0/ext -c conftest.c"
checked program was:
/* begin */
1: #include "ruby.h"
2: 
3: #include <prism/extension.h>
/* end */

--------------------

block in append_cflags: checking for whether -fvisibility=hidden is accepted as CFLAGS... -------------------- yes

DYLD_FALLBACK_LIBRARY_PATH=.:/Users/runner/hostedtoolcache/Ruby/3.1.7/arm64/lib "clang -I/Users/runner/hostedtoolcache/Ruby/3.1.7/arm64/include/ruby-3.1.0/arm64-darwin23 -I/Users/runner/hostedtoolcache/Ruby/3.1.7/arm64/include/ruby-3.1.0/ruby/backward -I/Users/runner/hostedtoolcache/Ruby/3.1.7/arm64/include/ruby-3.1.0 -I. -I/Users/runner/work/stream-video-swift-webrtc/stream-video-swift-webrtc/vendor/bundle/ruby/3.1.0/gems/prism-1.4.0/include -I/Users/runner/work/stream-video-swift-webrtc/stream-video-swift-webrtc/vendor/bundle/ruby/3.1.0/gems/prism-1.4.0/ext -DENABLE_PATH_CHECK=0 -D_XOPEN_SOURCE -D_DARWIN_C_SOURCE -D_DARWIN_UNLIMITED_SELECT -D_REENTRANT   -fdeclspec -O3 -fno-fast-math -ggdb3 -Wall -Wextra -Wdeprecated-declarations -Wdivision-by-zero -Wimplicit-function-declaration -Wimplicit-int -Wmisleading-indentation -Wpointer-arith -Wshorten-64-to-32 -Wwrite-strings -Wold-style-definition -Wmissing-noreturn -Wno-cast-function-type -Wno-constant-logical-operand -Wno-long-long -Wno-missing-field-initializers -Wno-overlength-strings -Wno-parentheses-equality -Wno-self-assign -Wno-tautological-compare -Wno-unused-parameter -Wno-unused-value -Wunused-variable -Wextra-tokens -Wundef  -pipe  -fvisibility=hidden -Werror -c conftest.c"
checked program was:
/* begin */
1: #include "ruby.h"
2: 
3: int main(int argc, char **argv)
4: {
5:   return !!argv[argc];
6: }
/* end */

--------------------

